<?xml version="1.0" encoding="UTF-8"?>
<!-- Generated by org.testng.reporters.JUnitXMLReporter -->
<testsuite ignored="0" hostname="DESKTOP-P39CJOI" failures="2" tests="4" name="Test" time="28.137" errors="0" timestamp="2023-03-09T12:25:00 IST">
  <testcase classname="ActualtestCases.Data_From_Locators" name="test_FilterBy_Money" time="19.892">
    <failure type="org.openqa.selenium.StaleElementReferenceException" message="The element reference of &amp;lt;div class=&amp;quot;_4rR01T&amp;quot;&amp;gt; is stale; either its node document is not the active document, or it is no longer connected to the DOM
For documentation on this error, please visit: https://selenium.dev/exceptions/#stale_element_reference
Build info: version: &amp;apos;4.1.2&amp;apos;, revision: &amp;apos;9a5a329c5a&amp;apos;
System info: host: &amp;apos;DESKTOP-P39CJOI&amp;apos;, ip: &amp;apos;10.5.48.90&amp;apos;, os.name: &amp;apos;Windows 10&amp;apos;, os.arch: &amp;apos;amd64&amp;apos;, os.version: &amp;apos;10.0&amp;apos;, java.version: &amp;apos;17.0.2&amp;apos;
Driver info: org.openqa.selenium.firefox.FirefoxDriver
Command: [18cec97f-ee8e-4c2f-ba2f-16fd2890a9f4, getElementText {id=e96c963f-a3be-449a-915b-bc042f7df6c1}]
Capabilities {acceptInsecureCerts: true, browserName: firefox, browserVersion: 110.0.1, javascriptEnabled: true, moz:accessibilityChecks: false, moz:buildID: 20230227191043, moz:debuggerAddress: 127.0.0.1:56964, moz:geckodriverVersion: 0.30.0, moz:headless: false, moz:platformVersion: 10.0, moz:processID: 18856, moz:profile: C:\Users\hp\AppData\Local\T..., moz:shutdownTimeout: 60000, moz:useNonSpecCompliantPointerOrigin: false, moz:webdriverClick: true, moz:windowless: false, pageLoadStrategy: normal, platform: WINDOWS, platformName: WINDOWS, proxy: Proxy(), se:cdp: ws://127.0.0.1:56964/devtoo..., se:cdpVersion: 85.0, setWindowRect: true, strictFileInteractability: false, timeouts: {implicit: 0, pageLoad: 300000, script: 30000}, unhandledPromptBehavior: dismiss and notify}
Element: [[FirefoxDriver: firefox on WINDOWS (18cec97f-ee8e-4c2f-ba2f-16fd2890a9f4)] -&amp;gt; xpath: //div[@class=&amp;apos;_4rR01T&amp;apos;]]
Session ID: 18cec97f-ee8e-4c2f-ba2f-16fd2890a9f4">
      <![CDATA[org.openqa.selenium.StaleElementReferenceException: The element reference of <div class="_4rR01T"> is stale; either its node document is not the active document, or it is no longer connected to the DOM
For documentation on this error, please visit: https://selenium.dev/exceptions/#stale_element_reference
Build info: version: '4.1.2', revision: '9a5a329c5a'
System info: host: 'DESKTOP-P39CJOI', ip: '10.5.48.90', os.name: 'Windows 10', os.arch: 'amd64', os.version: '10.0', java.version: '17.0.2'
Driver info: org.openqa.selenium.firefox.FirefoxDriver
Command: [18cec97f-ee8e-4c2f-ba2f-16fd2890a9f4, getElementText {id=e96c963f-a3be-449a-915b-bc042f7df6c1}]
Capabilities {acceptInsecureCerts: true, browserName: firefox, browserVersion: 110.0.1, javascriptEnabled: true, moz:accessibilityChecks: false, moz:buildID: 20230227191043, moz:debuggerAddress: 127.0.0.1:56964, moz:geckodriverVersion: 0.30.0, moz:headless: false, moz:platformVersion: 10.0, moz:processID: 18856, moz:profile: C:\Users\hp\AppData\Local\T..., moz:shutdownTimeout: 60000, moz:useNonSpecCompliantPointerOrigin: false, moz:webdriverClick: true, moz:windowless: false, pageLoadStrategy: normal, platform: WINDOWS, platformName: WINDOWS, proxy: Proxy(), se:cdp: ws://127.0.0.1:56964/devtoo..., se:cdpVersion: 85.0, setWindowRect: true, strictFileInteractability: false, timeouts: {implicit: 0, pageLoad: 300000, script: 30000}, unhandledPromptBehavior: dismiss and notify}
Element: [[FirefoxDriver: firefox on WINDOWS (18cec97f-ee8e-4c2f-ba2f-16fd2890a9f4)] -> xpath: //div[@class='_4rR01T']]
Session ID: 18cec97f-ee8e-4c2f-ba2f-16fd2890a9f4
at org.openqa.selenium.remote.codec.w3c.W3CHttpResponseCodec.createException(W3CHttpResponseCodec.java:200)
at org.openqa.selenium.remote.codec.w3c.W3CHttpResponseCodec.decode(W3CHttpResponseCodec.java:133)
at org.openqa.selenium.remote.codec.w3c.W3CHttpResponseCodec.decode(W3CHttpResponseCodec.java:53)
at org.openqa.selenium.remote.HttpCommandExecutor.execute(HttpCommandExecutor.java:184)
at org.openqa.selenium.remote.service.DriverCommandExecutor.invokeExecute(DriverCommandExecutor.java:167)
at org.openqa.selenium.remote.service.DriverCommandExecutor.execute(DriverCommandExecutor.java:142)
at org.openqa.selenium.remote.RemoteWebDriver.execute(RemoteWebDriver.java:558)
at org.openqa.selenium.remote.RemoteWebElement.execute(RemoteWebElement.java:251)
at org.openqa.selenium.remote.RemoteWebElement.getText(RemoteWebElement.java:201)
at SiteLocaotrs.Page_Locators.Vrify_Filter_Results(Page_Locators.java:75)
at ActualtestCases.Data_From_Locators.test_FilterBy_Money(Data_From_Locators.java:34)
at java.base/java.util.ArrayList.forEach(ArrayList.java:1511)
... Removed 32 stack frames]]>
    </failure>
  </testcase> <!-- test_FilterBy_Money -->
  <testcase classname="ActualtestCases.Data_From_Locators" name="Test_FilterBy_Searching_invalid_Brands" time="0.934"/>
  <testcase classname="ActualtestCases.Data_From_Locators" name="Test_FilterBy_Searching_valid_Brands" time="1.142"/>
  <testcase classname="ActualtestCases.Data_From_Locators" name="testCUSTOMER_RATINGS" time="0.067">
    <failure type="org.openqa.selenium.ElementClickInterceptedException" message="Element &amp;lt;div class=&amp;quot;_3879cV&amp;quot;&amp;gt; is not clickable at point (144,711) because another element &amp;lt;div class=&amp;quot;_1XXPTY _1v2cG7&amp;quot;&amp;gt; obscures it
Build info: version: &amp;apos;4.1.2&amp;apos;, revision: &amp;apos;9a5a329c5a&amp;apos;
System info: host: &amp;apos;DESKTOP-P39CJOI&amp;apos;, ip: &amp;apos;10.5.48.90&amp;apos;, os.name: &amp;apos;Windows 10&amp;apos;, os.arch: &amp;apos;amd64&amp;apos;, os.version: &amp;apos;10.0&amp;apos;, java.version: &amp;apos;17.0.2&amp;apos;
Driver info: org.openqa.selenium.firefox.FirefoxDriver
Command: [18cec97f-ee8e-4c2f-ba2f-16fd2890a9f4, clickElement {id=1a2f369f-66cc-4b37-886f-e1355ca8c393}]
Capabilities {acceptInsecureCerts: true, browserName: firefox, browserVersion: 110.0.1, javascriptEnabled: true, moz:accessibilityChecks: false, moz:buildID: 20230227191043, moz:debuggerAddress: 127.0.0.1:56964, moz:geckodriverVersion: 0.30.0, moz:headless: false, moz:platformVersion: 10.0, moz:processID: 18856, moz:profile: C:\Users\hp\AppData\Local\T..., moz:shutdownTimeout: 60000, moz:useNonSpecCompliantPointerOrigin: false, moz:webdriverClick: true, moz:windowless: false, pageLoadStrategy: normal, platform: WINDOWS, platformName: WINDOWS, proxy: Proxy(), se:cdp: ws://127.0.0.1:56964/devtoo..., se:cdpVersion: 85.0, setWindowRect: true, strictFileInteractability: false, timeouts: {implicit: 0, pageLoad: 300000, script: 30000}, unhandledPromptBehavior: dismiss and notify}
Element: [[FirefoxDriver: firefox on WINDOWS (18cec97f-ee8e-4c2f-ba2f-16fd2890a9f4)] -&amp;gt; xpath: //div[contains(@class, &amp;apos;_3879cV&amp;apos;) and contains(text(), &amp;apos;4★ &amp;amp; above&amp;apos;)]]
Session ID: 18cec97f-ee8e-4c2f-ba2f-16fd2890a9f4">
      <![CDATA[org.openqa.selenium.ElementClickInterceptedException: Element <div class="_3879cV"> is not clickable at point (144,711) because another element <div class="_1XXPTY _1v2cG7"> obscures it
Build info: version: '4.1.2', revision: '9a5a329c5a'
System info: host: 'DESKTOP-P39CJOI', ip: '10.5.48.90', os.name: 'Windows 10', os.arch: 'amd64', os.version: '10.0', java.version: '17.0.2'
Driver info: org.openqa.selenium.firefox.FirefoxDriver
Command: [18cec97f-ee8e-4c2f-ba2f-16fd2890a9f4, clickElement {id=1a2f369f-66cc-4b37-886f-e1355ca8c393}]
Capabilities {acceptInsecureCerts: true, browserName: firefox, browserVersion: 110.0.1, javascriptEnabled: true, moz:accessibilityChecks: false, moz:buildID: 20230227191043, moz:debuggerAddress: 127.0.0.1:56964, moz:geckodriverVersion: 0.30.0, moz:headless: false, moz:platformVersion: 10.0, moz:processID: 18856, moz:profile: C:\Users\hp\AppData\Local\T..., moz:shutdownTimeout: 60000, moz:useNonSpecCompliantPointerOrigin: false, moz:webdriverClick: true, moz:windowless: false, pageLoadStrategy: normal, platform: WINDOWS, platformName: WINDOWS, proxy: Proxy(), se:cdp: ws://127.0.0.1:56964/devtoo..., se:cdpVersion: 85.0, setWindowRect: true, strictFileInteractability: false, timeouts: {implicit: 0, pageLoad: 300000, script: 30000}, unhandledPromptBehavior: dismiss and notify}
Element: [[FirefoxDriver: firefox on WINDOWS (18cec97f-ee8e-4c2f-ba2f-16fd2890a9f4)] -> xpath: //div[contains(@class, '_3879cV') and contains(text(), '4★ & above')]]
Session ID: 18cec97f-ee8e-4c2f-ba2f-16fd2890a9f4
at org.openqa.selenium.remote.codec.w3c.W3CHttpResponseCodec.createException(W3CHttpResponseCodec.java:200)
at org.openqa.selenium.remote.codec.w3c.W3CHttpResponseCodec.decode(W3CHttpResponseCodec.java:133)
at org.openqa.selenium.remote.codec.w3c.W3CHttpResponseCodec.decode(W3CHttpResponseCodec.java:53)
at org.openqa.selenium.remote.HttpCommandExecutor.execute(HttpCommandExecutor.java:184)
at org.openqa.selenium.remote.service.DriverCommandExecutor.invokeExecute(DriverCommandExecutor.java:167)
at org.openqa.selenium.remote.service.DriverCommandExecutor.execute(DriverCommandExecutor.java:142)
at org.openqa.selenium.remote.RemoteWebDriver.execute(RemoteWebDriver.java:558)
at org.openqa.selenium.remote.RemoteWebElement.execute(RemoteWebElement.java:251)
at org.openqa.selenium.remote.RemoteWebElement.click(RemoteWebElement.java:77)
at SiteLocaotrs.Custmer_ratings.Select_Rating(Custmer_ratings.java:42)
at ActualtestCases.Data_From_Locators.testCUSTOMER_RATINGS(Data_From_Locators.java:63)
at java.base/java.util.ArrayList.forEach(ArrayList.java:1511)
... Removed 32 stack frames]]>
    </failure>
  </testcase> <!-- testCUSTOMER_RATINGS -->
</testsuite> <!-- Test -->
