<?xml version="1.0" encoding="UTF-8"?>
<!-- Generated by org.testng.reporters.JUnitXMLReporter -->
<testsuite ignored="0" hostname="DESKTOP-P39CJOI" failures="0" tests="6" name="Default test" time="35.808" errors="0" timestamp="2023-03-17T14:22:10 IST">
  <testcase classname="ActualtestCases.Data_From_Locators" name="test_FilterBy_Money" time="30.023"/>
  <testcase classname="ActualtestCases.Data_From_Locators" name="Test_FilterBy_Searching_invalid_Brands" time="0.41"/>
  <testcase classname="ActualtestCases.Data_From_Locators" name="Test_FilterBy_Searching_valid_Brands" time="1.337"/>
  <testcase classname="ActualtestCases.Data_From_Locators" name="testCUSTOMER_RATINGS" time="0.792"/>
  <testcase classname="ActualtestCases.Data_From_Locators" name="RemoveRating" time="0.622"/>
  <testcase classname="ActualtestCases.Data_From_Locators" name="ProductTest" time="2.385"/>
</testsuite> <!-- Default test -->
